     1                                  ; Daniel Mitchell
     2                                  ; p3
     3                                  ; September 23, 2020
     4                                  ; Sum arrays
     5                                  
     6                                  SECTION .data
     7                                  ; define data/variables here.  Think DB, DW, DD, DQ
     8 00000000 FF02FD04FB06            bArray:		DB		-1,2,-3,4,-5,6
     9 00000006 09000A000B000C000D-     wArray:		DW		09h,0ah,0bh,0ch,0dh
    10 0000000F 00                 
    11 00000010 F6FFFFFFECFFFFFFE2-     dArray:		DD		-10,-20,-30,-40,-50
    12 00000019 FFFFFFD8FFFFFFCEFF-
    13 00000022 FFFF               
    14 00000024 00                      bArraySum:	DB		0
    15 00000025 0000                    wArraySum:	DW		0
    16 00000027 00000000                dArraySum:	DD		0
    17 0000002B 00000000                grandTotal:	DD		0
    18                                  
    19                                  
    20                                  SECTION .bss
    21                                  ; define uninitialized data here
    22                                  
    23                                  SECTION .text
    24                                  global _main
    25                                  _main:
    26                                  
    27 00000000 A0[00000000]            mov 	al,  [bArray]
    28 00000005 668B1D[06000000]        mov 	bx,  [wArray]
    29 0000000C 8B0D[10000000]          mov 	ecx, [dArray]
    30 00000012 8A1D[24000000]          mov	bl,  [bArraySum]
    31 00000018 66A1[25000000]          mov	ax,  [wArraySum]
    32 0000001E A1[27000000]            mov	eax, [dArraySum]
    33 00000023 8B1D[2B000000]          mov	ebx, [grandTotal]
    34                                  
    35                                  
    36                                  break1:
    37                                  
    38 00000029 021D[00000000]          add	bl, [bArray]
    39 0000002F 021D[01000000]          add	bl, [bArray+1]
    40 00000035 021D[02000000]          add	bl, [bArray+2]
    41 0000003B 021D[03000000]          add	bl, [bArray+3]
    42 00000041 021D[04000000]          add	bl, [bArray+4]
    43 00000047 021D[05000000]          add	bl, [bArray+5]
    44                                  
    45 0000004D 660305[06000000]        add	ax, [wArray]
    46 00000054 660305[07000000]        add	ax, [wArray+1]
    47 0000005B 660305[08000000]        add	ax, [wArray+2]
    48 00000062 660305[09000000]        add	ax, [wArray+3]
    49 00000069 660305[0A000000]        add	ax, [wArray+4]
    50                                  
    51 00000070 0305[10000000]          add	eax, [dArray]
    52 00000076 0305[11000000]          add	eax, [dArray+1]
    53 0000007C 0305[12000000]          add	eax, [dArray+2]
    54 00000082 0305[13000000]          add	eax, [dArray+3]
    55 00000088 0305[14000000]          add	eax, [dArray+4]
    56                                  
    57                                  
    58                                  break2:
    59                                  
    60 0000008E 88C3                    mov 	bl,al
    61 00000090 6689D8                  mov 	ax,bx
    62 00000093 89C8                    mov 	eax,ecx
    63                                  
    64                                  ;clear registers used to add
    65 00000095 31C9                    xor	ecx,ecx
    66                                  
    67                                  
    68 00000097 01C3                    add	ebx,eax
    69                                  
    70                                  
    71 00000099 0FBECB                  movsx	ecx,bl
    72 0000009C 01CB                    add	ebx,ecx
    73                                  
    74 0000009E 31C9                    xor 	ecx,ecx
    75                                  
    76 000000A0 0FBFC8                  movsx	ecx,ax
    77 000000A3 01CB                    add	ebx,ecx
    78                                  
    79                                  
    80                                  
    81                                  lastBreak:
    82                                  ; Normal termination code
    83 000000A5 B801000000              mov eax, 1
    84 000000AA BB00000000              mov ebx, 0
    85 000000AF CD80                    int 80h
